[INFO] Scanning for projects...
[INFO] 
[INFO] --------------------< ro.techvault:content-service >--------------------
[INFO] Building content-service 0.0.1-SNAPSHOT
[INFO]   from pom.xml
[INFO] --------------------------------[ jar ]---------------------------------
[INFO] 
[INFO] --- clean:3.4.1:clean (default-clean) @ content-service ---
[INFO] Deleting D:\webdev\TechVault-E-Learning-Platform\content-service\target
[INFO] 
[INFO] --- resources:3.3.1:resources (default-resources) @ content-service ---
[INFO] Copying 1 resource from src\main\resources to target\classes
[INFO] Copying 0 resource from src\main\resources to target\classes
[INFO] 
[INFO] --- compiler:3.14.1:compile (default-compile) @ content-service ---
[INFO] Recompiling the module because of changed source code.
[INFO] Compiling 28 source files with javac [debug parameters release 17] to target\classes
[INFO] -------------------------------------------------------------
[ERROR] COMPILATION ERROR : 
[INFO] -------------------------------------------------------------
[ERROR] /D:/webdev/TechVault-E-Learning-Platform/content-service/src/main/java/ro/techvault/content_service/services/impl/ContentServiceImpl.java:[205,16] constructor VaultResponse in record ro.techvault.content_service.dtos.VaultResponse cannot be applied to given types;
  required: java.lang.Long,java.lang.String,java.lang.String,java.lang.String,java.lang.String,java.lang.String,java.lang.String,java.lang.String,java.lang.String,boolean,ro.techvault.content_service.enums.ContentStatus,int,int
  found:    java.lang.Long,java.lang.String,java.lang.String,java.lang.String,java.lang.String,java.lang.String,java.lang.String,java.lang.String,boolean,ro.techvault.content_service.enums.ContentStatus,int,int
  reason: actual and formal argument lists differ in length
[INFO] 1 error
[INFO] -------------------------------------------------------------
[INFO] ------------------------------------------------------------------------
[INFO] BUILD FAILURE
[INFO] ------------------------------------------------------------------------
[INFO] Total time:  7.643 s
[INFO] Finished at: 2025-12-08T19:54:36+02:00
[INFO] ------------------------------------------------------------------------
[ERROR] Failed to execute goal org.apache.maven.plugins:maven-compiler-plugin:3.14.1:compile (default-compile) on project content-service: Compilation failure
[ERROR] /D:/webdev/TechVault-E-Learning-Platform/content-service/src/main/java/ro/techvault/content_service/services/impl/ContentServiceImpl.java:[205,16] constructor VaultResponse in record ro.techvault.content_service.dtos.VaultResponse cannot be applied to given types;
[ERROR]   required: java.lang.Long,java.lang.String,java.lang.String,java.lang.String,java.lang.String,java.lang.String,java.lang.String,java.lang.String,java.lang.String,boolean,ro.techvault.content_service.enums.ContentStatus,int,int
[ERROR]   found:    java.lang.Long,java.lang.String,java.lang.String,java.lang.String,java.lang.String,java.lang.String,java.lang.String,java.lang.String,boolean,ro.techvault.content_service.enums.ContentStatus,int,int
[ERROR]   reason: actual and formal argument lists differ in length
[ERROR] 
[ERROR] -> [Help 1]
[ERROR] 
[ERROR] To see the full stack trace of the errors, re-run Maven with the -e switch.
[ERROR] Re-run Maven using the -X switch to enable full debug logging.
[ERROR] 
[ERROR] For more information about the errors and possible solutions, please read the following articles:
[ERROR] [Help 1] http://cwiki.apache.org/confluence/display/MAVEN/MojoFailureException
