newman

TechVault Backend Suite

Gћэ Auth
Gіі Auth - Register Learner
  POST http://localhost:8081/api/auth/register [201 Created, 789B, 228ms]
  Gъм  Status 201

Gіі Admin Login
  POST http://localhost:8081/api/auth/login [200 OK, 751B, 150ms]
  Gъм  Status 200

Gіі Guardian Login
  POST http://localhost:8081/api/auth/login [200 OK, 758B, 131ms]
  Gъм  Status 200

Gіі Learner Login
  POST http://localhost:8081/api/auth/login [200 OK, 759B, 135ms]
  Gъм  Status 200

Gіі Current User (Admin)
  GET http://localhost:8081/api/auth/me [200 OK, 496B, 54ms]
  Gъм  Status 200

Gћэ CDN Utilities
Gіі CDN - Upload Sample Image
  POST http://localhost:8081/api/cdn/upload [200 OK, 362B, 59ms]
  Gъм  Status 200

Gіі CDN - List Files
  GET http://localhost:8081/api/cdn/files [200 OK, 758B, 34ms]
  Gъм  Status 200

Gћэ User Internal APIs
Gіі Users - Internal Create
  POST http://localhost:8081/api/users/internal/create [201 Created, 427B, 30ms]
  Gъм  Status 201

Gіі Users - Get By Id
  GET http://localhost:8081/api/users/a1b0560e-cb6f-44d2-a210-fb93e28a0db5 [200 OK, 422B, 18ms]
  Gъм  Status 200

Gіі Users - Internal By Email
  GET http://localhost:8081/api/users/internal/email/internal+1763377586869@techvaultkids.io [200 OK, 500B, 25ms]
  Gъм  Status 200

Gћэ Learner APIs
Gіі Vaults - List
  GET http://localhost:8081/api/vaults [200 OK, 618B, 85ms]
  Gъм  Status 200

Gіі Vaults - Detail
  GET http://localhost:8081/api/vaults/00000000-0000-0000-0000-000000000001 [200 OK, 2.06kB, 52ms]
  Gъм  Status 200 or 404

Gіі Quests - List
  GET http://localhost:8081/api/quests [200 OK, 1.62kB, 59ms]
  Gъм  Status 200

Gіі Quests - Detail
  GET http://localhost:8081/api/quests/e37a113f-1fec-4267-8946-b3039b8ca590 [200 OK, 465B, 21ms]
  Gъм  Status 200 or 404

Gіі Badges - Catalog
  GET http://localhost:8081/api/badges/catalog [200 OK, 416B, 33ms]
  Gъм  Status 200

Gіі Badges - My Badges
  GET http://localhost:8081/api/learner/badges [200 OK, 471B, 22ms]
  Gъм  Status 200

Gіі Progress - Summary
  GET http://localhost:8081/api/learner/progress/summary [200 OK, 386B, 74ms]
  Gъм  Status 200

Gіі Progress - Vaults
  GET http://localhost:8081/api/learner/progress/vaults [200 OK, 309B, 18ms]
  Gъм  Status 200

Gіі Progress - Vault Detail
  GET http://localhost:8081/api/learner/progress/vaults/00000000-0000-0000-0000-000000000001 [200 OK, 307B, 18ms]
  Gъм  Status 200

Gіі Submissions - List
  GET http://localhost:8081/api/submissions [200 OK, 2.5kB, 72ms]
  Gъм  Status 200

Gіі Submissions - Recent
  GET http://localhost:8081/api/submissions/recent?limit=5 [200 OK, 1.64kB, 63ms]
  Gъм  Status 200

Gіі Submissions - Detail
  GET http://localhost:8081/api/submissions/cf790153-54b6-43c0-84e9-6e299d8a7fe1 [200 OK, 462B, 25ms]
  Gъм  Status 200

Gіі Submissions - Create
  POST http://localhost:8081/api/submissions [202 Accepted, 441B, 27ms]
  Gъм  Submission accepted

Gћэ User Profile
Gіі Profile - Get
  GET http://localhost:8081/api/users/me [200 OK, 579B, 25ms]
  Gъм  Status 200

Gіі Profile - Update
  PATCH http://localhost:8081/api/users/me [200 OK, 579B, 24ms]
  Gъм  Status 200 or 204

Gіі Profile - Change Password
  PATCH http://localhost:8081/api/users/me/password [204 No Content, 153B, 237ms]
  Gъм  Status 200 or 204 or 400

Gћэ Guardian APIs
Gіі Guardian - Learners
  GET http://localhost:8081/api/guardians/me/learners [200 OK, 346B, 19ms]
  Gъм  Status 200

Gіі Guardian - Link Learner
  POST http://localhost:8081/api/guardians/me/learners [201 Created, 349B, 32ms]
  Gъм  Status 200 or 400

Gіі Guardian - Learner Progress
  GET http://localhost:8081/api/guardian/learners/11111111-1111-1111-1111-111111111111/progress [200 OK, 386B, 81ms]
  Gъм  Status 200

Gіі Guardian - Learner Submissions
  GET http://localhost:8081/api/guardian/learners/11111111-1111-1111-1111-111111111111/submissions [200 OK, 2.79kB, 84ms]
  Gъм  Status 200

Gћэ Admin APIs
Gіі Admin - Vaults List
  GET http://localhost:8081/api/admin/vaults [200 OK, 618B, 60ms]
  Gъм  Status 200

Gіі Admin - Create Vault
  POST http://localhost:8081/api/admin/vaults [201 Created, 502B, 38ms]
  Gъм  Status 200 or 201

Gіі Admin - Update Vault
  PUT http://localhost:8081/api/admin/vaults/496dadc6-ccf4-498d-bee2-edba1cc9e6a8 [200 OK, 488B, 35ms]
  Gъм  Status 200 or 204 or 404

Gіі Admin - Delete Vault
  DELETE http://localhost:8081/api/admin/vaults/496dadc6-ccf4-498d-bee2-edba1cc9e6a8 [204 No Content, 153B, 29ms]
  Gъм  Status 200/204/404

Gіі Admin - Quests List
  GET http://localhost:8081/api/admin/quests [200 OK, 1.62kB, 37ms]
  Gъм  Status 200

Gіі Admin - Create Quest
  POST http://localhost:8081/api/admin/quests [201 Created, 470B, 32ms]
  Gъм  Status 200 or 201

Gіі Admin - Update Quest
  PUT http://localhost:8081/api/admin/quests/23f88311-3d00-4535-a30b-03ba14784a97 [200 OK, 585B, 30ms]
  Gъм  Status 200/204/404

Gіі Admin - Delete Quest
  DELETE http://localhost:8081/api/admin/quests/23f88311-3d00-4535-a30b-03ba14784a97 [204 No Content, 153B, 37ms]
  Gъм  Status 200/204/404

Gіі Admin - Metrics
  GET http://localhost:8081/api/admin/metrics/overview [200 OK, 296B, 26ms]
  Gъм  Status 200

Gіі Admin - Users
  GET http://localhost:8081/api/admin/users [200 OK, 1.96kB, 28ms]
  Gъм  Status 200

Gіі Admin - Update User
  PATCH http://localhost:8081/api/admin/users/a1b0560e-cb6f-44d2-a210-fb93e28a0db5 [200 OK, 421B, 37ms]
  Gъм  Status 200

GіюGіЧGіЧGіЧGіЧGіЧGіЧGіЧGіЧGіЧGіЧGіЧGіЧGіЧGіЧGіЧGіЧGіЧGіЧGіЧGіЧGіЧGіЧGіЧGіЧGіЧGіМGіЧGіЧGіЧGіЧGіЧGіЧGіЧGіЧGіЧGіЧGіЧGіЧGіЧGіЧGіЧGіЧGіЧGіЧGіЧGіМGіЧGіЧGіЧGіЧGіЧGіЧGіЧGіЧGіЧGіЧGіЧGіЧGіЧGіЧGіЧGіЧGіЧGіЧGіЧGіЩ
Gіщ                         Gіщ          executed Gіщ            failed Gіщ
GіЃGіЧGіЧGіЧGіЧGіЧGіЧGіЧGіЧGіЧGіЧGіЧGіЧGіЧGіЧGіЧGіЧGіЧGіЧGіЧGіЧGіЧGіЧGіЧGіЧGіЧGі+GіЧGіЧGіЧGіЧGіЧGіЧGіЧGіЧGіЧGіЧGіЧGіЧGіЧGіЧGіЧGіЧGіЧGіЧGіЧGі+GіЧGіЧGіЧGіЧGіЧGіЧGіЧGіЧGіЧGіЧGіЧGіЧGіЧGіЧGіЧGіЧGіЧGіЧGіЧGіё
Gіщ              iterations Gіщ                 1 Gіщ                 0 Gіщ
GіЃGіЧGіЧGіЧGіЧGіЧGіЧGіЧGіЧGіЧGіЧGіЧGіЧGіЧGіЧGіЧGіЧGіЧGіЧGіЧGіЧGіЧGіЧGіЧGіЧGіЧGі+GіЧGіЧGіЧGіЧGіЧGіЧGіЧGіЧGіЧGіЧGіЧGіЧGіЧGіЧGіЧGіЧGіЧGіЧGіЧGі+GіЧGіЧGіЧGіЧGіЧGіЧGіЧGіЧGіЧGіЧGіЧGіЧGіЧGіЧGіЧGіЧGіЧGіЧGіЧGіё
Gіщ                requests Gіщ                41 Gіщ                 0 Gіщ
GіЃGіЧGіЧGіЧGіЧGіЧGіЧGіЧGіЧGіЧGіЧGіЧGіЧGіЧGіЧGіЧGіЧGіЧGіЧGіЧGіЧGіЧGіЧGіЧGіЧGіЧGі+GіЧGіЧGіЧGіЧGіЧGіЧGіЧGіЧGіЧGіЧGіЧGіЧGіЧGіЧGіЧGіЧGіЧGіЧGіЧGі+GіЧGіЧGіЧGіЧGіЧGіЧGіЧGіЧGіЧGіЧGіЧGіЧGіЧGіЧGіЧGіЧGіЧGіЧGіЧGіё
Gіщ            test-scripts Gіщ                41 Gіщ                 0 Gіщ
GіЃGіЧGіЧGіЧGіЧGіЧGіЧGіЧGіЧGіЧGіЧGіЧGіЧGіЧGіЧGіЧGіЧGіЧGіЧGіЧGіЧGіЧGіЧGіЧGіЧGіЧGі+GіЧGіЧGіЧGіЧGіЧGіЧGіЧGіЧGіЧGіЧGіЧGіЧGіЧGіЧGіЧGіЧGіЧGіЧGіЧGі+GіЧGіЧGіЧGіЧGіЧGіЧGіЧGіЧGіЧGіЧGіЧGіЧGіЧGіЧGіЧGіЧGіЧGіЧGіЧGіё
Gіщ      prerequest-scripts Gіщ                 2 Gіщ                 0 Gіщ
GіЃGіЧGіЧGіЧGіЧGіЧGіЧGіЧGіЧGіЧGіЧGіЧGіЧGіЧGіЧGіЧGіЧGіЧGіЧGіЧGіЧGіЧGіЧGіЧGіЧGіЧGі+GіЧGіЧGіЧGіЧGіЧGіЧGіЧGіЧGіЧGіЧGіЧGіЧGіЧGіЧGіЧGіЧGіЧGіЧGіЧGі+GіЧGіЧGіЧGіЧGіЧGіЧGіЧGіЧGіЧGіЧGіЧGіЧGіЧGіЧGіЧGіЧGіЧGіЧGіЧGіё
Gіщ              assertions Gіщ                41 Gіщ                 0 Gіщ
GіЃGіЧGіЧGіЧGіЧGіЧGіЧGіЧGіЧGіЧGіЧGіЧGіЧGіЧGіЧGіЧGіЧGіЧGіЧGіЧGіЧGіЧGіЧGіЧGіЧGіЧGіІGіЧGіЧGіЧGіЧGіЧGіЧGіЧGіЧGіЧGіЧGіЧGіЧGіЧGіЧGіЧGіЧGіЧGіЧGіЧGіІGіЧGіЧGіЧGіЧGіЧGіЧGіЧGіЧGіЧGіЧGіЧGіЧGіЧGіЧGіЧGіЧGіЧGіЧGіЧGіё
Gіщ total run duration: 5.8s                                        Gіщ
GіЃGіЧGіЧGіЧGіЧGіЧGіЧGіЧGіЧGіЧGіЧGіЧGіЧGіЧGіЧGіЧGіЧGіЧGіЧGіЧGіЧGіЧGіЧGіЧGіЧGіЧGіЧGіЧGіЧGіЧGіЧGіЧGіЧGіЧGіЧGіЧGіЧGіЧGіЧGіЧGіЧGіЧGіЧGіЧGіЧGіЧGіЧGіЧGіЧGіЧGіЧGіЧGіЧGіЧGіЧGіЧGіЧGіЧGіЧGіЧGіЧGіЧGіЧGіЧGіЧGіЧGіё
Gіщ total data received: 20.99kB (approx)                           Gіщ
GіЃGіЧGіЧGіЧGіЧGіЧGіЧGіЧGіЧGіЧGіЧGіЧGіЧGіЧGіЧGіЧGіЧGіЧGіЧGіЧGіЧGіЧGіЧGіЧGіЧGіЧGіЧGіЧGіЧGіЧGіЧGіЧGіЧGіЧGіЧGіЧGіЧGіЧGіЧGіЧGіЧGіЧGіЧGіЧGіЧGіЧGіЧGіЧGіЧGіЧGіЧGіЧGіЧGіЧGіЧGіЧGіЧGіЧGіЧGіЧGіЧGіЧGіЧGіЧGіЧGіЧGіё
Gіщ average response time: 56ms [min: 18ms, max: 237ms, s.d.: 50ms] Gіщ
GііGіЧGіЧGіЧGіЧGіЧGіЧGіЧGіЧGіЧGіЧGіЧGіЧGіЧGіЧGіЧGіЧGіЧGіЧGіЧGіЧGіЧGіЧGіЧGіЧGіЧGіЧGіЧGіЧGіЧGіЧGіЧGіЧGіЧGіЧGіЧGіЧGіЧGіЧGіЧGіЧGіЧGіЧGіЧGіЧGіЧGіЧGіЧGіЧGіЧGіЧGіЧGіЧGіЧGіЧGіЧGіЧGіЧGіЧGіЧGіЧGіЧGіЧGіЧGіЧGіЧGіџ

